<?xml version="1.0" encoding="UTF-8"?>
<!-- Generated by org.testng.reporters.JUnitReportReporter -->
<testsuite hostname="shirins-MacBook-Air.local" failures="0" tests="1" name="planbox.maven.AppTest" time="30.216" errors="0" timestamp="2023-03-15T16:12:14 EDT" skipped="0">
  <testcase classname="planbox.maven.AppTest" name="main" time="30.216"/>
  <system-out/>
</testsuite> <!-- planbox.maven.AppTest -->
