<?xml version="1.0" encoding="UTF-8"?>
<!-- Generated by org.testng.reporters.JUnitReportReporter -->
<testsuite hostname="shirins-MacBook-Air.local" failures="0" tests="1" name="planbox.maven.AppTest" time="32.822" errors="0" timestamp="2023-03-15T15:53:58 EDT" skipped="0">
  <testcase classname="planbox.maven.AppTest" name="main" time="32.822"/>
  <system-out/>
</testsuite> <!-- planbox.maven.AppTest -->
