<?xml version="1.0" encoding="UTF-8"?>
<!-- Generated by org.testng.reporters.JUnitReportReporter -->
<testsuite hostname="shirins-MacBook-Air.local" failures="0" tests="1" name="planbox.maven.AppTest" time="32.295" errors="0" timestamp="2023-03-15T14:38:13 EDT" skipped="0">
  <testcase classname="planbox.maven.AppTest" name="main" time="32.295"/>
  <system-out/>
</testsuite> <!-- planbox.maven.AppTest -->
