<?xml version="1.0" encoding="UTF-8"?>
<!-- Generated by org.testng.reporters.JUnitReportReporter -->
<testsuite hostname="shirins-MacBook-Air.local" failures="0" tests="3" name="planbox.maven.AppTest" time="115.144" errors="0" timestamp="2023-03-15T13:56:56 EDT" skipped="0">
  <testcase classname="planbox.maven.AppTest" name="main" time="28.199"/>
  <system-out/>
  <testcase classname="planbox.maven.AppTest" name="main" time="36.881"/>
  <system-out/>
  <testcase classname="planbox.maven.AppTest" name="main" time="50.064"/>
  <system-out/>
</testsuite> <!-- planbox.maven.AppTest -->
